#
# There is insufficient memory for the Java Runtime Environment to continue.
# Native memory allocation (malloc) failed to allocate 1110256 bytes. Error detail: Chunk::new
# Possible reasons:
#   The system is out of physical RAM or swap space
#   This process is running with CompressedOops enabled, and the Java Heap may be blocking the growth of the native heap
# Possible solutions:
#   Reduce memory load on the system
#   Increase physical memory or swap space
#   Check if swap backing store is full
#   Decrease Java heap size (-Xmx/-Xms)
#   Decrease number of Java threads
#   Decrease Java thread stack sizes (-Xss)
#   Set larger code cache with -XX:ReservedCodeCacheSize=
#   JVM is running with Unscaled Compressed Oops mode in which the Java heap is
#     placed in the first 4GB address space. The Java Heap base address is the
#     maximum limit for the native heap growth. Please use -XX:HeapBaseMinAddress
#     to set the Java Heap base and to place the Java Heap above 4GB virtual address.
# This output file may be truncated or incomplete.
#
#  Out of Memory Error (arena.cpp:168), pid=16128, tid=11120
#
# JRE version: OpenJDK Runtime Environment Temurin-21.0.6+7 (21.0.6+7) (build 21.0.6+7-LTS)
# Java VM: OpenJDK 64-Bit Server VM Temurin-21.0.6+7 (21.0.6+7-LTS, mixed mode, sharing, tiered, compressed oops, compressed class ptrs, parallel gc, windows-amd64)
# No core dump will be written. Minidumps are not enabled by default on client versions of Windows
#

---------------  S U M M A R Y ------------

Command Line: --add-modules=ALL-SYSTEM --add-opens=java.base/java.util=ALL-UNNAMED --add-opens=java.base/java.lang=ALL-UNNAMED --add-opens=java.base/sun.nio.fs=ALL-UNNAMED -Declipse.application=org.eclipse.jdt.ls.core.id1 -Dosgi.bundles.defaultStartLevel=4 -Declipse.product=org.eclipse.jdt.ls.core.product -Djava.import.generatesMetadataFilesAtProjectRoot=false -DDetectVMInstallationsJob.disabled=true -Dfile.encoding=utf8 -XX:+UseParallelGC -XX:GCTimeRatio=4 -XX:AdaptiveSizePolicyWeight=90 -Dsun.zip.disableMemoryMapping=true -Xmx1G -Xms100m -Xlog:disable -javaagent:c:\Users\leoci\.vscode\extensions\redhat.java-1.40.0-win32-x64\lombok\lombok-1.18.36.jar -XX:+HeapDumpOnOutOfMemoryError -XX:HeapDumpPath=c:\Users\leoci\AppData\Roaming\Code\User\workspaceStorage\561d2999ae37bf7bb77d5a53cf976d97\redhat.java -Daether.dependencyCollector.impl=bf c:\Users\leoci\.vscode\extensions\redhat.java-1.40.0-win32-x64\server\plugins\org.eclipse.equinox.launcher_1.6.1000.v20250131-0606.jar -configuration c:\Users\leoci\AppData\Roaming\Code\User\globalStorage\redhat.java\1.40.0\config_win -data c:\Users\leoci\AppData\Roaming\Code\User\workspaceStorage\561d2999ae37bf7bb77d5a53cf976d97\redhat.java\jdt_ws --pipe=\\.\pipe\lsp-55e485275cdade7f4a853f0a5f6e8ddd-sock

Host: 11th Gen Intel(R) Core(TM) i5-1135G7 @ 2.40GHz, 8 cores, 7G,  Windows 11 , 64 bit Build 26100 (10.0.26100.3323)
Time: Tue Mar 18 09:20:28 2025 Hora oficial do Brasil elapsed time: 64.312338 seconds (0d 0h 1m 4s)

---------------  T H R E A D  ---------------

Current thread (0x0000023d853ff0c0):  JavaThread "C2 CompilerThread1" daemon [_thread_in_native, id=11120, stack(0x0000009e1cb00000,0x0000009e1cc00000) (1024K)]


Current CompileTask:
C2:64312 12869       4       java.lang.reflect.Field::get (39 bytes)

Stack: [0x0000009e1cb00000,0x0000009e1cc00000]
Native frames: (J=compiled Java code, j=interpreted, Vv=VM code, C=native code)
V  [jvm.dll+0x6cdee9]
V  [jvm.dll+0x8a83d1]
V  [jvm.dll+0x8aa8fe]
V  [jvm.dll+0x8aafe3]
V  [jvm.dll+0x27f706]
V  [jvm.dll+0xc500d]
V  [jvm.dll+0xc5543]
V  [jvm.dll+0x3b6752]
V  [jvm.dll+0x382935]
V  [jvm.dll+0x381d9a]
V  [jvm.dll+0x2479f0]
V  [jvm.dll+0x246fcf]
V  [jvm.dll+0x1c75ee]
V  [jvm.dll+0x25685a]
V  [jvm.dll+0x254dfa]
V  [jvm.dll+0x3f0256]
V  [jvm.dll+0x851f8b]
V  [jvm.dll+0x6cc5ed]
C  [ucrtbase.dll+0x37b0]
C  [KERNEL32.DLL+0x2e8d7]
C  [ntdll.dll+0xbbf6c]


---------------  P R O C E S S  ---------------

Threads class SMR info:
_java_thread_list=0x0000023d924c9b10, length=70, elements={
0x0000023da862dad0, 0x0000023dbd25cc60, 0x0000023dbd260ff0, 0x0000023dbd263b40,
0x0000023dbd264790, 0x0000023dbd2661a0, 0x0000023dbd26c2a0, 0x0000023dbd27e070,
0x0000023dbd296ff0, 0x0000023d840b3480, 0x0000023d84330570, 0x0000023d84eb0f10,
0x0000023d84e3d370, 0x0000023d84cb05d0, 0x0000023d84ca6f00, 0x0000023d84deb6a0,
0x0000023d84082e60, 0x0000023d84deee50, 0x0000023d84dec6f0, 0x0000023d84decd80,
0x0000023d84dee7c0, 0x0000023d84dedaa0, 0x0000023d871c5610, 0x0000023d871c69c0,
0x0000023d871c6330, 0x0000023d871c8400, 0x0000023d871c5ca0, 0x0000023d871c4f80,
0x0000023d871c9120, 0x0000023d871c8a90, 0x0000023d871c9e40, 0x0000023d871c7d70,
0x0000023d871c76e0, 0x0000023d871c97b0, 0x0000023d871ca4d0, 0x0000023d871c7050,
0x0000023d871cbf10, 0x0000023d871cc5a0, 0x0000023d87861580, 0x0000023d8785ee20,
0x0000023d8785e790, 0x0000023d8785f4b0, 0x0000023d8785fb40, 0x0000023d8785e100,
0x0000023d87862fc0, 0x0000023d87860ef0, 0x0000023d878601d0, 0x0000023d87863ce0,
0x0000023d87863650, 0x0000023d87860860, 0x0000023d87861c10, 0x0000023d87864370,
0x0000023d87865090, 0x0000023d87865720, 0x0000023d87862930, 0x0000023d878622a0,
0x0000023d86777fd0, 0x0000023d86777940, 0x0000023d86775870, 0x0000023d86779380,
0x0000023d867772b0, 0x0000023d86775f00, 0x0000023d86776c20, 0x0000023d8677adc0,
0x0000023d8677b450, 0x0000023d84def4e0, 0x0000023d88e951a0, 0x0000023d88e930d0,
0x0000023d853ff0c0, 0x0000023d86130a80
}

Java Threads: ( => current thread )
  0x0000023da862dad0 JavaThread "main"                              [_thread_blocked, id=11196, stack(0x0000009e1ce00000,0x0000009e1cf00000) (1024K)]
  0x0000023dbd25cc60 JavaThread "Reference Handler"          daemon [_thread_blocked, id=18108, stack(0x0000009e1d200000,0x0000009e1d300000) (1024K)]
  0x0000023dbd260ff0 JavaThread "Finalizer"                  daemon [_thread_blocked, id=10344, stack(0x0000009e1d300000,0x0000009e1d400000) (1024K)]
  0x0000023dbd263b40 JavaThread "Signal Dispatcher"          daemon [_thread_blocked, id=15488, stack(0x0000009e1d400000,0x0000009e1d500000) (1024K)]
  0x0000023dbd264790 JavaThread "Attach Listener"            daemon [_thread_blocked, id=19416, stack(0x0000009e1d500000,0x0000009e1d600000) (1024K)]
  0x0000023dbd2661a0 JavaThread "Service Thread"             daemon [_thread_blocked, id=18256, stack(0x0000009e1d600000,0x0000009e1d700000) (1024K)]
  0x0000023dbd26c2a0 JavaThread "Monitor Deflation Thread"   daemon [_thread_blocked, id=3000, stack(0x0000009e1d700000,0x0000009e1d800000) (1024K)]
  0x0000023dbd27e070 JavaThread "C2 CompilerThread0"         daemon [_thread_blocked, id=15260, stack(0x0000009e1d800000,0x0000009e1d900000) (1024K)]
  0x0000023dbd296ff0 JavaThread "C1 CompilerThread0"         daemon [_thread_blocked, id=10384, stack(0x0000009e1d900000,0x0000009e1da00000) (1024K)]
  0x0000023d840b3480 JavaThread "Common-Cleaner"             daemon [_thread_blocked, id=10320, stack(0x0000009e1da00000,0x0000009e1db00000) (1024K)]
  0x0000023d84330570 JavaThread "Notification Thread"        daemon [_thread_blocked, id=3876, stack(0x0000009e1dc00000,0x0000009e1dd00000) (1024K)]
  0x0000023d84eb0f10 JavaThread "Active Thread: Equinox Container: 5ca6662b-0061-4348-bbfe-2b83d24a1cd8"        [_thread_blocked, id=1592, stack(0x0000009e1e400000,0x0000009e1e500000) (1024K)]
  0x0000023d84e3d370 JavaThread "Refresh Thread: Equinox Container: 5ca6662b-0061-4348-bbfe-2b83d24a1cd8" daemon [_thread_blocked, id=17496, stack(0x0000009e1e200000,0x0000009e1e300000) (1024K)]
  0x0000023d84cb05d0 JavaThread "Framework Event Dispatcher: Equinox Container: 5ca6662b-0061-4348-bbfe-2b83d24a1cd8" daemon [_thread_blocked, id=6972, stack(0x0000009e1e300000,0x0000009e1e400000) (1024K)]
  0x0000023d84ca6f00 JavaThread "Start Level: Equinox Container: 5ca6662b-0061-4348-bbfe-2b83d24a1cd8" daemon [_thread_blocked, id=9436, stack(0x0000009e1e500000,0x0000009e1e600000) (1024K)]
  0x0000023d84deb6a0 JavaThread "Bundle File Closer"         daemon [_thread_blocked, id=204, stack(0x0000009e1e800000,0x0000009e1e900000) (1024K)]
  0x0000023d84082e60 JavaThread "SCR Component Actor"        daemon [_thread_blocked, id=8948, stack(0x0000009e1cd00000,0x0000009e1ce00000) (1024K)]
  0x0000023d84deee50 JavaThread "Worker-JM"                         [_thread_blocked, id=5292, stack(0x0000009e1ea00000,0x0000009e1eb00000) (1024K)]
  0x0000023d84dec6f0 JavaThread "JNA Cleaner"                daemon [_thread_blocked, id=12156, stack(0x0000009e1e900000,0x0000009e1ea00000) (1024K)]
  0x0000023d84decd80 JavaThread "Worker-0: Initialize workspace"        [_thread_in_native, id=5596, stack(0x0000009e1eb00000,0x0000009e1ec00000) (1024K)]
  0x0000023d84dee7c0 JavaThread "Worker-1"                          [_thread_blocked, id=1116, stack(0x0000009e1ec00000,0x0000009e1ed00000) (1024K)]
  0x0000023d84dedaa0 JavaThread "Java indexing"              daemon [_thread_blocked, id=13340, stack(0x0000009e1ee00000,0x0000009e1ef00000) (1024K)]
  0x0000023d871c5610 JavaThread "Worker-2"                          [_thread_blocked, id=3528, stack(0x0000009e1f100000,0x0000009e1f200000) (1024K)]
  0x0000023d871c69c0 JavaThread "Worker-3"                          [_thread_blocked, id=6800, stack(0x0000009e1f300000,0x0000009e1f400000) (1024K)]
  0x0000023d871c6330 JavaThread "Thread-2"                   daemon [_thread_in_native, id=8920, stack(0x0000009e1f400000,0x0000009e1f500000) (1024K)]
  0x0000023d871c8400 JavaThread "Thread-3"                   daemon [_thread_in_native, id=14452, stack(0x0000009e1f500000,0x0000009e1f600000) (1024K)]
  0x0000023d871c5ca0 JavaThread "Thread-4"                   daemon [_thread_in_native, id=996, stack(0x0000009e1f600000,0x0000009e1f700000) (1024K)]
  0x0000023d871c4f80 JavaThread "Thread-5"                   daemon [_thread_in_native, id=8424, stack(0x0000009e1f700000,0x0000009e1f800000) (1024K)]
  0x0000023d871c9120 JavaThread "Thread-6"                   daemon [_thread_in_native, id=14912, stack(0x0000009e1f800000,0x0000009e1f900000) (1024K)]
  0x0000023d871c8a90 JavaThread "Thread-7"                   daemon [_thread_in_native, id=13244, stack(0x0000009e1f900000,0x0000009e1fa00000) (1024K)]
  0x0000023d871c9e40 JavaThread "Thread-8"                   daemon [_thread_in_native, id=17712, stack(0x0000009e1fa00000,0x0000009e1fb00000) (1024K)]
  0x0000023d871c7d70 JavaThread "Thread-9"                   daemon [_thread_in_native, id=3912, stack(0x0000009e1fb00000,0x0000009e1fc00000) (1024K)]
  0x0000023d871c76e0 JavaThread "Thread-10"                  daemon [_thread_in_native, id=14892, stack(0x0000009e1fc00000,0x0000009e1fd00000) (1024K)]
  0x0000023d871c97b0 JavaThread "pool-2-thread-1"                   [_thread_blocked, id=1876, stack(0x0000009e1fd00000,0x0000009e1fe00000) (1024K)]
  0x0000023d871ca4d0 JavaThread "WorkspaceEventsHandler"            [_thread_blocked, id=18348, stack(0x0000009e1fe00000,0x0000009e1ff00000) (1024K)]
  0x0000023d871c7050 JavaThread "pool-1-thread-1"                   [_thread_blocked, id=5288, stack(0x0000009e1ff00000,0x0000009e20000000) (1024K)]
  0x0000023d871cbf10 JavaThread "Worker-4"                          [_thread_blocked, id=5652, stack(0x0000009e20000000,0x0000009e20100000) (1024K)]
  0x0000023d871cc5a0 JavaThread "Worker-5"                          [_thread_blocked, id=6696, stack(0x0000009e20100000,0x0000009e20200000) (1024K)]
  0x0000023d87861580 JavaThread "LocalFile Deleter"          daemon [_thread_blocked, id=3224, stack(0x0000009e20200000,0x0000009e20300000) (1024K)]
  0x0000023d8785ee20 JavaThread "LocalFile Deleter"          daemon [_thread_blocked, id=15568, stack(0x0000009e20300000,0x0000009e20400000) (1024K)]
  0x0000023d8785e790 JavaThread "LocalFile Deleter"          daemon [_thread_blocked, id=10688, stack(0x0000009e20400000,0x0000009e20500000) (1024K)]
  0x0000023d8785f4b0 JavaThread "LocalFile Deleter"          daemon [_thread_blocked, id=11372, stack(0x0000009e20500000,0x0000009e20600000) (1024K)]
  0x0000023d8785fb40 JavaThread "LocalFile Deleter"          daemon [_thread_blocked, id=5672, stack(0x0000009e20600000,0x0000009e20700000) (1024K)]
  0x0000023d8785e100 JavaThread "LocalFile Deleter"          daemon [_thread_blocked, id=13912, stack(0x0000009e20700000,0x0000009e20800000) (1024K)]
  0x0000023d87862fc0 JavaThread "LocalFile Deleter"          daemon [_thread_blocked, id=18104, stack(0x0000009e20800000,0x0000009e20900000) (1024K)]
  0x0000023d87860ef0 JavaThread "LocalFile Deleter"          daemon [_thread_blocked, id=6240, stack(0x0000009e20900000,0x0000009e20a00000) (1024K)]
  0x0000023d878601d0 JavaThread "Compiler Source File Reader" daemon [_thread_blocked, id=2060, stack(0x0000009e20a00000,0x0000009e20b00000) (1024K)]
  0x0000023d87863ce0 JavaThread "Compiler Source File Reader" daemon [_thread_blocked, id=15528, stack(0x0000009e20b00000,0x0000009e20c00000) (1024K)]
  0x0000023d87863650 JavaThread "Compiler Source File Reader" daemon [_thread_blocked, id=18076, stack(0x0000009e20c00000,0x0000009e20d00000) (1024K)]
  0x0000023d87860860 JavaThread "Compiler Source File Reader" daemon [_thread_blocked, id=5260, stack(0x0000009e20d00000,0x0000009e20e00000) (1024K)]
  0x0000023d87861c10 JavaThread "Compiler Source File Reader" daemon [_thread_blocked, id=18936, stack(0x0000009e20e00000,0x0000009e20f00000) (1024K)]
  0x0000023d87864370 JavaThread "Compiler Source File Reader" daemon [_thread_blocked, id=16600, stack(0x0000009e20f00000,0x0000009e21000000) (1024K)]
  0x0000023d87865090 JavaThread "Compiler Processing Task"   daemon [_thread_blocked, id=5544, stack(0x0000009e21000000,0x0000009e21100000) (1024K)]
  0x0000023d87865720 JavaThread "Compiler Class File Writer" daemon [_thread_blocked, id=10220, stack(0x0000009e21100000,0x0000009e21200000) (1024K)]
  0x0000023d87862930 JavaThread "Compiler Class File Writer" daemon [_thread_blocked, id=12716, stack(0x0000009e21200000,0x0000009e21300000) (1024K)]
  0x0000023d878622a0 JavaThread "Compiler Class File Writer" daemon [_thread_blocked, id=5304, stack(0x0000009e21300000,0x0000009e21400000) (1024K)]
  0x0000023d86777fd0 JavaThread "Compiler Class File Writer" daemon [_thread_blocked, id=2820, stack(0x0000009e21400000,0x0000009e21500000) (1024K)]
  0x0000023d86777940 JavaThread "Compiler Class File Writer" daemon [_thread_blocked, id=13284, stack(0x0000009e1e700000,0x0000009e1e800000) (1024K)]
  0x0000023d86775870 JavaThread "Compiler Class File Writer" daemon [_thread_blocked, id=16048, stack(0x0000009e1f200000,0x0000009e1f300000) (1024K)]
  0x0000023d86779380 JavaThread "ForkJoinPool.commonPool-worker-1" daemon [_thread_blocked, id=6160, stack(0x0000009e1ed00000,0x0000009e1ee00000) (1024K)]
  0x0000023d867772b0 JavaThread "ForkJoinPool.commonPool-worker-2" daemon [_thread_blocked, id=2224, stack(0x0000009e21500000,0x0000009e21600000) (1024K)]
  0x0000023d86775f00 JavaThread "ForkJoinPool.commonPool-worker-3" daemon [_thread_blocked, id=8880, stack(0x0000009e21600000,0x0000009e21700000) (1024K)]
  0x0000023d86776c20 JavaThread "ForkJoinPool.commonPool-worker-4" daemon [_thread_blocked, id=11236, stack(0x0000009e21800000,0x0000009e21900000) (1024K)]
  0x0000023d8677adc0 JavaThread "ForkJoinPool.commonPool-worker-5" daemon [_thread_blocked, id=13368, stack(0x0000009e21700000,0x0000009e21800000) (1024K)]
  0x0000023d8677b450 JavaThread "ForkJoinPool.commonPool-worker-6" daemon [_thread_blocked, id=7696, stack(0x0000009e21900000,0x0000009e21a00000) (1024K)]
  0x0000023d84def4e0 JavaThread "ForkJoinPool.commonPool-worker-7" daemon [_thread_blocked, id=12944, stack(0x0000009e21a00000,0x0000009e21b00000) (1024K)]
  0x0000023d88e951a0 JavaThread "SCR Component Registry"     daemon [_thread_blocked, id=3728, stack(0x0000009e21b00000,0x0000009e21c00000) (1024K)]
  0x0000023d88e930d0 JavaThread "Thread-12"                  daemon [_thread_blocked, id=1664, stack(0x0000009e21c00000,0x0000009e21d00000) (1024K)]
=>0x0000023d853ff0c0 JavaThread "C2 CompilerThread1"         daemon [_thread_in_native, id=11120, stack(0x0000009e1cb00000,0x0000009e1cc00000) (1024K)]
  0x0000023d86130a80 JavaThread "C2 CompilerThread2"         daemon [_thread_blocked, id=3576, stack(0x0000009e21d00000,0x0000009e21e00000) (1024K)]
Total: 70

Other Threads:
  0x0000023da86eead0 VMThread "VM Thread"                           [id=2432, stack(0x0000009e1d100000,0x0000009e1d200000) (1024K)]
  0x0000023da869ac30 WatcherThread "VM Periodic Task Thread"        [id=4120, stack(0x0000009e1d000000,0x0000009e1d100000) (1024K)]
  0x0000023da864c040 WorkerThread "GC Thread#0"                     [id=8000, stack(0x0000009e1cf00000,0x0000009e1d000000) (1024K)]
  0x0000023d845be170 WorkerThread "GC Thread#1"                     [id=7760, stack(0x0000009e1db00000,0x0000009e1dc00000) (1024K)]
  0x0000023d84a44f80 WorkerThread "GC Thread#2"                     [id=7460, stack(0x0000009e1dd00000,0x0000009e1de00000) (1024K)]
  0x0000023d84a45320 WorkerThread "GC Thread#3"                     [id=2364, stack(0x0000009e1de00000,0x0000009e1df00000) (1024K)]
  0x0000023d84a456c0 WorkerThread "GC Thread#4"                     [id=6964, stack(0x0000009e1df00000,0x0000009e1e000000) (1024K)]
  0x0000023d847509a0 WorkerThread "GC Thread#5"                     [id=14644, stack(0x0000009e1e000000,0x0000009e1e100000) (1024K)]
  0x0000023d84750d40 WorkerThread "GC Thread#6"                     [id=17356, stack(0x0000009e1e100000,0x0000009e1e200000) (1024K)]
  0x0000023d84ca7930 WorkerThread "GC Thread#7"                     [id=15212, stack(0x0000009e1e600000,0x0000009e1e700000) (1024K)]
Total: 10

Threads with active compile tasks:
C2 CompilerThread1  64369 12869       4       java.lang.reflect.Field::get (39 bytes)
C2 CompilerThread2  64369 12971   !   4       java.io.StringReader::read (105 bytes)
Total: 2

VM state: at safepoint (normal execution)

VM Mutex/Monitor currently owned by a thread:  ([mutex/lock_event])
[0x00007fff6980e380] Threads_lock - owner thread: 0x0000023da86eead0
[0x00007fff6980e480] Heap_lock - owner thread: 0x0000023d86779380

Heap address: 0x00000000c0000000, size: 1024 MB, Compressed Oops mode: 32-bit

CDS archive(s) mapped at: [0x0000023dbe000000-0x0000023dbeba0000-0x0000023dbeba0000), size 12189696, SharedBaseAddress: 0x0000023dbe000000, ArchiveRelocationMode: 1.
Compressed class space mapped at: 0x0000023dbf000000-0x0000023dff000000, reserved size: 1073741824
Narrow klass base: 0x0000023dbe000000, Narrow klass shift: 0, Narrow klass range: 0x100000000

GC Precious Log:
 CardTable entry size: 512
 CPUs: 8 total, 8 available
 Memory: 7991M
 Large Page Support: Disabled
 NUMA Support: Disabled
 Compressed Oops: Enabled (32-bit)
 Alignments: Space 512K, Generation 512K, Heap 2M
 Heap Min Capacity: 100M
 Heap Initial Capacity: 100M
 Heap Max Capacity: 1G
 Pre-touch: Disabled
 Parallel Workers: 8

Heap:
 PSYoungGen      total 9728K, used 9722K [0x00000000eab00000, 0x00000000eb880000, 0x0000000100000000)
  eden space 9216K, 99% used [0x00000000eab00000,0x00000000eb3febe8,0x00000000eb400000)
  from space 512K, 100% used [0x00000000eb800000,0x00000000eb880000,0x00000000eb880000)
  to   space 1024K, 100% used [0x00000000eb700000,0x00000000eb800000,0x00000000eb800000)
 ParOldGen       total 486400K, used 485899K [0x00000000c0000000, 0x00000000ddb00000, 0x00000000eab00000)
  object space 486400K, 99% used [0x00000000c0000000,0x00000000dda82de0,0x00000000ddb00000)
 Metaspace       used 65907K, committed 67456K, reserved 1114112K
  class space    used 6727K, committed 7360K, reserved 1048576K

Card table byte_map: [0x0000023dbab30000,0x0000023dbad40000] _byte_map_base: 0x0000023dba530000

Marking Bits: (ParMarkBitMap*) 0x00007fff69813260
 Begin Bits: [0x0000023dbaea0000, 0x0000023dbbea0000)
 End Bits:   [0x0000023dbbea0000, 0x0000023dbcea0000)

Polling page: 0x0000023da6d90000

Metaspace:

Usage:
  Non-class:     57.79 MB used.
      Class:      6.57 MB used.
       Both:     64.36 MB used.

Virtual space:
  Non-class space:       64.00 MB reserved,      58.69 MB ( 92%) committed,  1 nodes.
      Class space:        1.00 GB reserved,       7.19 MB ( <1%) committed,  1 nodes.
             Both:        1.06 GB reserved,      65.88 MB (  6%) committed. 

Chunk freelists:
   Non-Class:  5.30 MB
       Class:  8.76 MB
        Both:  14.05 MB

MaxMetaspaceSize: unlimited
CompressedClassSpaceSize: 1.00 GB
Initial GC threshold: 21.00 MB
Current GC threshold: 97.31 MB
CDS: on
 - commit_granule_bytes: 65536.
 - commit_granule_words: 8192.
 - virtual_space_node_default_size: 8388608.
 - enlarge_chunks_in_place: 1.
 - use_allocation_guard: 0.


Internal statistics:

num_allocs_failed_limit: 9.
num_arena_births: 1292.
num_arena_deaths: 20.
num_vsnodes_births: 2.
num_vsnodes_deaths: 0.
num_space_committed: 1054.
num_space_uncommitted: 0.
num_chunks_returned_to_freelist: 32.
num_chunks_taken_from_freelist: 4484.
num_chunk_merges: 14.
num_chunk_splits: 2712.
num_chunks_enlarged: 1455.
num_inconsistent_stats: 0.

CodeHeap 'non-profiled nmethods': size=120000Kb used=10175Kb max_used=10175Kb free=109824Kb
 bounds [0x0000023db3420000, 0x0000023db3e10000, 0x0000023dba950000]
CodeHeap 'profiled nmethods': size=120000Kb used=28212Kb max_used=28212Kb free=91787Kb
 bounds [0x0000023dab950000, 0x0000023dad4e0000, 0x0000023db2e80000]
CodeHeap 'non-nmethods': size=5760Kb used=1458Kb max_used=1521Kb free=4301Kb
 bounds [0x0000023db2e80000, 0x0000023db30f0000, 0x0000023db3420000]
 total_blobs=12909 nmethods=12147 adapters=667
 compilation: enabled
              stopped_count=0, restarted_count=0
 full_count=0

Compilation events (20 events):
Event: 64.280 Thread 0x0000023dbd296ff0 nmethod 12961 0x0000023dad4d6890 code [0x0000023dad4d6a60, 0x0000023dad4d6e10]
Event: 64.280 Thread 0x0000023dbd27e070 nmethod 12959 0x0000023db3e0bc90 code [0x0000023db3e0be20, 0x0000023db3e0bf50]
Event: 64.280 Thread 0x0000023dbd27e070 12960       4       com.google.gson.internal.LinkedTreeMap::rotateLeft (118 bytes)
Event: 64.282 Thread 0x0000023dbd27e070 nmethod 12960 0x0000023db3e0c010 code [0x0000023db3e0c1a0, 0x0000023db3e0c340]
Event: 64.282 Thread 0x0000023dbd27e070 12962       4       com.google.gson.internal.bind.MapTypeAdapterFactory$Adapter::read (224 bytes)
Event: 64.286 Thread 0x0000023dbd296ff0 12963       3       org.eclipse.jdt.core.dom.AST::modifying (20 bytes)
Event: 64.286 Thread 0x0000023dbd296ff0 nmethod 12963 0x0000023dad4d6f90 code [0x0000023dad4d7140, 0x0000023dad4d7300]
Event: 64.286 Thread 0x0000023dbd296ff0 12966       1       org.eclipse.jdt.core.dom.ASTNode::getStartPosition (5 bytes)
Event: 64.286 Thread 0x0000023dbd296ff0 nmethod 12966 0x0000023db3e0c410 code [0x0000023db3e0c5a0, 0x0000023db3e0c668]
Event: 64.286 Thread 0x0000023dbd296ff0 12967       1       org.eclipse.jdt.core.dom.ASTNode::getLength (5 bytes)
Event: 64.286 Thread 0x0000023dbd296ff0 nmethod 12967 0x0000023db3e0c710 code [0x0000023db3e0c8a0, 0x0000023db3e0c968]
Event: 64.286 Thread 0x0000023dbd296ff0 12964       1       org.eclipse.jdt.core.dom.AST::getDefaultNodeFlag (5 bytes)
Event: 64.286 Thread 0x0000023dbd296ff0 nmethod 12964 0x0000023db3e0ca10 code [0x0000023db3e0cba0, 0x0000023db3e0cc68]
Event: 64.286 Thread 0x0000023dbd296ff0 12965       1       org.eclipse.jdt.core.dom.LineComment::getNodeType0 (3 bytes)
Event: 64.286 Thread 0x0000023dbd296ff0 nmethod 12965 0x0000023db3e0cd10 code [0x0000023db3e0cea0, 0x0000023db3e0cf68]
Event: 64.295 Thread 0x0000023d86130a80 nmethod 12958 0x0000023db3e0d010 code [0x0000023db3e0d2a0, 0x0000023db3e0e508]
Event: 64.295 Thread 0x0000023d86130a80 12935       4       com.google.gson.internal.LinkedTreeMap$Node::<init> (49 bytes)
Event: 64.296 Thread 0x0000023d86130a80 nmethod 12935 0x0000023db3e0f210 code [0x0000023db3e0f3a0, 0x0000023db3e0f4b8]
Event: 64.297 Thread 0x0000023d86130a80 12968       4       java.lang.invoke.DirectMethodHandle::checkCast (9 bytes)
Event: 64.297 Thread 0x0000023d86130a80 nmethod 12968 0x0000023db3e0f590 code [0x0000023db3e0f720, 0x0000023db3e0f800]

GC Heap History (20 events):
Event: 61.765 GC heap before
{Heap before GC invocations=374 (full 3):
 PSYoungGen      total 9728K, used 9664K [0x00000000eab00000, 0x00000000ebb00000, 0x0000000100000000)
  eden space 9216K, 100% used [0x00000000eab00000,0x00000000eb400000,0x00000000eb400000)
  from space 512K, 87% used [0x00000000eba80000,0x00000000ebaf0000,0x00000000ebb00000)
  to   space 1024K, 0% used [0x00000000eb900000,0x00000000eb900000,0x00000000eba00000)
 ParOldGen       total 422912K, used 422505K [0x00000000c0000000, 0x00000000d9d00000, 0x00000000eab00000)
  object space 422912K, 99% used [0x00000000c0000000,0x00000000d9c9a728,0x00000000d9d00000)
 Metaspace       used 61167K, committed 62592K, reserved 1114112K
  class space    used 6232K, committed 6848K, reserved 1048576K
}
Event: 61.770 GC heap after
{Heap after GC invocations=374 (full 3):
 PSYoungGen      total 10240K, used 992K [0x00000000eab00000, 0x00000000ebb00000, 0x0000000100000000)
  eden space 9216K, 0% used [0x00000000eab00000,0x00000000eab00000,0x00000000eb400000)
  from space 1024K, 96% used [0x00000000eb900000,0x00000000eb9f8010,0x00000000eba00000)
  to   space 1024K, 0% used [0x00000000eba00000,0x00000000eba00000,0x00000000ebb00000)
 ParOldGen       total 423424K, used 423049K [0x00000000c0000000, 0x00000000d9d80000, 0x00000000eab00000)
  object space 423424K, 99% used [0x00000000c0000000,0x00000000d9d22748,0x00000000d9d80000)
 Metaspace       used 61167K, committed 62592K, reserved 1114112K
  class space    used 6232K, committed 6848K, reserved 1048576K
}
Event: 62.500 GC heap before
{Heap before GC invocations=375 (full 3):
 PSYoungGen      total 10240K, used 10208K [0x00000000eab00000, 0x00000000ebb00000, 0x0000000100000000)
  eden space 9216K, 100% used [0x00000000eab00000,0x00000000eb400000,0x00000000eb400000)
  from space 1024K, 96% used [0x00000000eb900000,0x00000000eb9f8010,0x00000000eba00000)
  to   space 1024K, 0% used [0x00000000eba00000,0x00000000eba00000,0x00000000ebb00000)
 ParOldGen       total 423424K, used 423049K [0x00000000c0000000, 0x00000000d9d80000, 0x00000000eab00000)
  object space 423424K, 99% used [0x00000000c0000000,0x00000000d9d22748,0x00000000d9d80000)
 Metaspace       used 61211K, committed 62592K, reserved 1114112K
  class space    used 6239K, committed 6848K, reserved 1048576K
}
Event: 62.505 GC heap after
{Heap after GC invocations=375 (full 3):
 PSYoungGen      total 10240K, used 1024K [0x00000000eab00000, 0x00000000ebb00000, 0x0000000100000000)
  eden space 9216K, 0% used [0x00000000eab00000,0x00000000eab00000,0x00000000eb400000)
  from space 1024K, 100% used [0x00000000eba00000,0x00000000ebb00000,0x00000000ebb00000)
  to   space 2560K, 0% used [0x00000000eb600000,0x00000000eb600000,0x00000000eb880000)
 ParOldGen       total 424448K, used 424245K [0x00000000c0000000, 0x00000000d9e80000, 0x00000000eab00000)
  object space 424448K, 99% used [0x00000000c0000000,0x00000000d9e4d5c0,0x00000000d9e80000)
 Metaspace       used 61211K, committed 62592K, reserved 1114112K
  class space    used 6239K, committed 6848K, reserved 1048576K
}
Event: 62.790 GC heap before
{Heap before GC invocations=376 (full 3):
 PSYoungGen      total 10240K, used 10240K [0x00000000eab00000, 0x00000000ebb00000, 0x0000000100000000)
  eden space 9216K, 100% used [0x00000000eab00000,0x00000000eb400000,0x00000000eb400000)
  from space 1024K, 100% used [0x00000000eba00000,0x00000000ebb00000,0x00000000ebb00000)
  to   space 2560K, 0% used [0x00000000eb600000,0x00000000eb600000,0x00000000eb880000)
 ParOldGen       total 424448K, used 424245K [0x00000000c0000000, 0x00000000d9e80000, 0x00000000eab00000)
  object space 424448K, 99% used [0x00000000c0000000,0x00000000d9e4d5c0,0x00000000d9e80000)
 Metaspace       used 61385K, committed 62784K, reserved 1114112K
  class space    used 6269K, committed 6912K, reserved 1048576K
}
Event: 62.795 GC heap after
{Heap after GC invocations=376 (full 3):
 PSYoungGen      total 11776K, used 1376K [0x00000000eab00000, 0x00000000eba80000, 0x0000000100000000)
  eden space 9216K, 0% used [0x00000000eab00000,0x00000000eab00000,0x00000000eb400000)
  from space 2560K, 53% used [0x00000000eb600000,0x00000000eb758000,0x00000000eb880000)
  to   space 2048K, 0% used [0x00000000eb880000,0x00000000eb880000,0x00000000eba80000)
 ParOldGen       total 425472K, used 425077K [0x00000000c0000000, 0x00000000d9f80000, 0x00000000eab00000)
  object space 425472K, 99% used [0x00000000c0000000,0x00000000d9f1d5c0,0x00000000d9f80000)
 Metaspace       used 61385K, committed 62784K, reserved 1114112K
  class space    used 6269K, committed 6912K, reserved 1048576K
}
Event: 63.179 GC heap before
{Heap before GC invocations=377 (full 3):
 PSYoungGen      total 11776K, used 10592K [0x00000000eab00000, 0x00000000eba80000, 0x0000000100000000)
  eden space 9216K, 100% used [0x00000000eab00000,0x00000000eb400000,0x00000000eb400000)
  from space 2560K, 53% used [0x00000000eb600000,0x00000000eb758000,0x00000000eb880000)
  to   space 2048K, 0% used [0x00000000eb880000,0x00000000eb880000,0x00000000eba80000)
 ParOldGen       total 425472K, used 425077K [0x00000000c0000000, 0x00000000d9f80000, 0x00000000eab00000)
  object space 425472K, 99% used [0x00000000c0000000,0x00000000d9f1d5c0,0x00000000d9f80000)
 Metaspace       used 61958K, committed 63424K, reserved 1114112K
  class space    used 6327K, committed 6976K, reserved 1048576K
}
Event: 63.182 GC heap after
{Heap after GC invocations=377 (full 3):
 PSYoungGen      total 10240K, used 538K [0x00000000eab00000, 0x00000000eb980000, 0x0000000100000000)
  eden space 9216K, 0% used [0x00000000eab00000,0x00000000eab00000,0x00000000eb400000)
  from space 1024K, 52% used [0x00000000eb880000,0x00000000eb9068c8,0x00000000eb980000)
  to   space 1024K, 0% used [0x00000000eb780000,0x00000000eb780000,0x00000000eb880000)
 ParOldGen       total 425984K, used 425629K [0x00000000c0000000, 0x00000000da000000, 0x00000000eab00000)
  object space 425984K, 99% used [0x00000000c0000000,0x00000000d9fa75c0,0x00000000da000000)
 Metaspace       used 61958K, committed 63424K, reserved 1114112K
  class space    used 6327K, committed 6976K, reserved 1048576K
}
Event: 63.497 GC heap before
{Heap before GC invocations=378 (full 3):
 PSYoungGen      total 10240K, used 9754K [0x00000000eab00000, 0x00000000eb980000, 0x0000000100000000)
  eden space 9216K, 99% used [0x00000000eab00000,0x00000000eb3ffff0,0x00000000eb400000)
  from space 1024K, 52% used [0x00000000eb880000,0x00000000eb9068c8,0x00000000eb980000)
  to   space 1024K, 0% used [0x00000000eb780000,0x00000000eb780000,0x00000000eb880000)
 ParOldGen       total 425984K, used 425629K [0x00000000c0000000, 0x00000000da000000, 0x00000000eab00000)
  object space 425984K, 99% used [0x00000000c0000000,0x00000000d9fa75c0,0x00000000da000000)
 Metaspace       used 62814K, committed 64320K, reserved 1114112K
  class space    used 6409K, committed 7040K, reserved 1048576K
}
Event: 63.501 GC heap after
{Heap after GC invocations=378 (full 3):
 PSYoungGen      total 10240K, used 668K [0x00000000eab00000, 0x00000000eb900000, 0x0000000100000000)
  eden space 9216K, 0% used [0x00000000eab00000,0x00000000eab00000,0x00000000eb400000)
  from space 1024K, 65% used [0x00000000eb780000,0x00000000eb8270a0,0x00000000eb880000)
  to   space 512K, 0% used [0x00000000eb880000,0x00000000eb880000,0x00000000eb900000)
 ParOldGen       total 426496K, used 426081K [0x00000000c0000000, 0x00000000da080000, 0x00000000eab00000)
  object space 426496K, 99% used [0x00000000c0000000,0x00000000da018618,0x00000000da080000)
 Metaspace       used 62814K, committed 64320K, reserved 1114112K
  class space    used 6409K, committed 7040K, reserved 1048576K
}
Event: 63.764 GC heap before
{Heap before GC invocations=379 (full 3):
 PSYoungGen      total 10240K, used 9884K [0x00000000eab00000, 0x00000000eb900000, 0x0000000100000000)
  eden space 9216K, 100% used [0x00000000eab00000,0x00000000eb400000,0x00000000eb400000)
  from space 1024K, 65% used [0x00000000eb780000,0x00000000eb8270a0,0x00000000eb880000)
  to   space 512K, 0% used [0x00000000eb880000,0x00000000eb880000,0x00000000eb900000)
 ParOldGen       total 426496K, used 426081K [0x00000000c0000000, 0x00000000da080000, 0x00000000eab00000)
  object space 426496K, 99% used [0x00000000c0000000,0x00000000da018618,0x00000000da080000)
 Metaspace       used 63823K, committed 65344K, reserved 1114112K
  class space    used 6530K, committed 7168K, reserved 1048576K
}
Event: 63.766 GC heap after
{Heap after GC invocations=379 (full 3):
 PSYoungGen      total 9728K, used 480K [0x00000000eab00000, 0x00000000eb900000, 0x0000000100000000)
  eden space 9216K, 0% used [0x00000000eab00000,0x00000000eab00000,0x00000000eb400000)
  from space 512K, 93% used [0x00000000eb880000,0x00000000eb8f8020,0x00000000eb900000)
  to   space 1024K, 0% used [0x00000000eb700000,0x00000000eb700000,0x00000000eb800000)
 ParOldGen       total 426496K, used 426333K [0x00000000c0000000, 0x00000000da080000, 0x00000000eab00000)
  object space 426496K, 99% used [0x00000000c0000000,0x00000000da057770,0x00000000da080000)
 Metaspace       used 63823K, committed 65344K, reserved 1114112K
  class space    used 6530K, committed 7168K, reserved 1048576K
}
Event: 64.077 GC heap before
{Heap before GC invocations=380 (full 3):
 PSYoungGen      total 9728K, used 9696K [0x00000000eab00000, 0x00000000eb900000, 0x0000000100000000)
  eden space 9216K, 100% used [0x00000000eab00000,0x00000000eb400000,0x00000000eb400000)
  from space 512K, 93% used [0x00000000eb880000,0x00000000eb8f8020,0x00000000eb900000)
  to   space 1024K, 0% used [0x00000000eb700000,0x00000000eb700000,0x00000000eb800000)
 ParOldGen       total 426496K, used 426333K [0x00000000c0000000, 0x00000000da080000, 0x00000000eab00000)
  object space 426496K, 99% used [0x00000000c0000000,0x00000000da057770,0x00000000da080000)
 Metaspace       used 64965K, committed 66496K, reserved 1114112K
  class space    used 6646K, committed 7296K, reserved 1048576K
}
Event: 64.081 GC heap after
{Heap after GC invocations=380 (full 3):
 PSYoungGen      total 10240K, used 832K [0x00000000eab00000, 0x00000000eb900000, 0x0000000100000000)
  eden space 9216K, 0% used [0x00000000eab00000,0x00000000eab00000,0x00000000eb400000)
  from space 1024K, 81% used [0x00000000eb700000,0x00000000eb7d0020,0x00000000eb800000)
  to   space 1024K, 0% used [0x00000000eb800000,0x00000000eb800000,0x00000000eb900000)
 ParOldGen       total 428544K, used 427975K [0x00000000c0000000, 0x00000000da280000, 0x00000000eab00000)
  object space 428544K, 99% used [0x00000000c0000000,0x00000000da1f1e90,0x00000000da280000)
 Metaspace       used 64965K, committed 66496K, reserved 1114112K
  class space    used 6646K, committed 7296K, reserved 1048576K
}
Event: 64.140 GC heap before
{Heap before GC invocations=381 (full 3):
 PSYoungGen      total 10240K, used 9236K [0x00000000eab00000, 0x00000000eb900000, 0x0000000100000000)
  eden space 9216K, 91% used [0x00000000eab00000,0x00000000eb335118,0x00000000eb400000)
  from space 1024K, 81% used [0x00000000eb700000,0x00000000eb7d0020,0x00000000eb800000)
  to   space 1024K, 0% used [0x00000000eb800000,0x00000000eb800000,0x00000000eb900000)
 ParOldGen       total 428544K, used 427975K [0x00000000c0000000, 0x00000000da280000, 0x00000000eab00000)
  object space 428544K, 99% used [0x00000000c0000000,0x00000000da1f1e90,0x00000000da280000)
 Metaspace       used 65521K, committed 67136K, reserved 1114112K
  class space    used 6682K, committed 7360K, reserved 1048576K
}
Event: 64.144 GC heap after
{Heap after GC invocations=381 (full 3):
 PSYoungGen      total 10240K, used 560K [0x00000000eab00000, 0x00000000eb900000, 0x0000000100000000)
  eden space 9216K, 0% used [0x00000000eab00000,0x00000000eab00000,0x00000000eb400000)
  from space 1024K, 54% used [0x00000000eb800000,0x00000000eb88c030,0x00000000eb900000)
  to   space 1024K, 0% used [0x00000000eb700000,0x00000000eb700000,0x00000000eb800000)
 ParOldGen       total 432640K, used 431911K [0x00000000c0000000, 0x00000000da680000, 0x00000000eab00000)
  object space 432640K, 99% used [0x00000000c0000000,0x00000000da5c9c00,0x00000000da680000)
 Metaspace       used 65521K, committed 67136K, reserved 1114112K
  class space    used 6682K, committed 7360K, reserved 1048576K
}
Event: 64.249 GC heap before
{Heap before GC invocations=382 (full 3):
 PSYoungGen      total 10240K, used 9776K [0x00000000eab00000, 0x00000000eb900000, 0x0000000100000000)
  eden space 9216K, 100% used [0x00000000eab00000,0x00000000eb400000,0x00000000eb400000)
  from space 1024K, 54% used [0x00000000eb800000,0x00000000eb88c030,0x00000000eb900000)
  to   space 1024K, 0% used [0x00000000eb700000,0x00000000eb700000,0x00000000eb800000)
 ParOldGen       total 478208K, used 476909K [0x00000000c0000000, 0x00000000dd300000, 0x00000000eab00000)
  object space 478208K, 99% used [0x00000000c0000000,0x00000000dd1bb760,0x00000000dd300000)
 Metaspace       used 65681K, committed 67264K, reserved 1114112K
  class space    used 6704K, committed 7360K, reserved 1048576K
}
Event: 64.252 GC heap after
{Heap after GC invocations=382 (full 3):
 PSYoungGen      total 10240K, used 992K [0x00000000eab00000, 0x00000000eb880000, 0x0000000100000000)
  eden space 9216K, 0% used [0x00000000eab00000,0x00000000eab00000,0x00000000eb400000)
  from space 1024K, 96% used [0x00000000eb700000,0x00000000eb7f8020,0x00000000eb800000)
  to   space 512K, 0% used [0x00000000eb800000,0x00000000eb800000,0x00000000eb880000)
 ParOldGen       total 478208K, used 477311K [0x00000000c0000000, 0x00000000dd300000, 0x00000000eab00000)
  object space 478208K, 99% used [0x00000000c0000000,0x00000000dd21fef8,0x00000000dd300000)
 Metaspace       used 65681K, committed 67264K, reserved 1114112K
  class space    used 6704K, committed 7360K, reserved 1048576K
}
Event: 64.287 GC heap before
{Heap before GC invocations=383 (full 3):
 PSYoungGen      total 10240K, used 10208K [0x00000000eab00000, 0x00000000eb880000, 0x0000000100000000)
  eden space 9216K, 100% used [0x00000000eab00000,0x00000000eb400000,0x00000000eb400000)
  from space 1024K, 96% used [0x00000000eb700000,0x00000000eb7f8020,0x00000000eb800000)
  to   space 512K, 0% used [0x00000000eb800000,0x00000000eb800000,0x00000000eb880000)
 ParOldGen       total 478208K, used 477311K [0x00000000c0000000, 0x00000000dd300000, 0x00000000eab00000)
  object space 478208K, 99% used [0x00000000c0000000,0x00000000dd21fef8,0x00000000dd300000)
 Metaspace       used 65817K, committed 67392K, reserved 1114112K
  class space    used 6717K, committed 7360K, reserved 1048576K
}
Event: 64.294 GC heap after
{Heap after GC invocations=383 (full 3):
 PSYoungGen      total 9728K, used 512K [0x00000000eab00000, 0x00000000eb880000, 0x0000000100000000)
  eden space 9216K, 0% used [0x00000000eab00000,0x00000000eab00000,0x00000000eb400000)
  from space 512K, 100% used [0x00000000eb800000,0x00000000eb880000,0x00000000eb880000)
  to   space 1024K, 0% used [0x00000000eb700000,0x00000000eb700000,0x00000000eb800000)
 ParOldGen       total 483840K, used 483627K [0x00000000c0000000, 0x00000000dd880000, 0x00000000eab00000)
  object space 483840K, 99% used [0x00000000c0000000,0x00000000dd84ade0,0x00000000dd880000)
 Metaspace       used 65817K, committed 67392K, reserved 1114112K
  class space    used 6717K, committed 7360K, reserved 1048576K
}

Dll operation events (10 events):
Event: 0.012 Loaded shared library c:\Users\leoci\.vscode\extensions\redhat.java-1.40.0-win32-x64\jre\21.0.6-win32-x86_64\bin\java.dll
Event: 0.107 Loaded shared library c:\Users\leoci\.vscode\extensions\redhat.java-1.40.0-win32-x64\jre\21.0.6-win32-x86_64\bin\zip.dll
Event: 0.135 Loaded shared library C:\Users\leoci\.vscode\extensions\redhat.java-1.40.0-win32-x64\jre\21.0.6-win32-x86_64\bin\instrument.dll
Event: 0.142 Loaded shared library C:\Users\leoci\.vscode\extensions\redhat.java-1.40.0-win32-x64\jre\21.0.6-win32-x86_64\bin\net.dll
Event: 0.144 Loaded shared library C:\Users\leoci\.vscode\extensions\redhat.java-1.40.0-win32-x64\jre\21.0.6-win32-x86_64\bin\nio.dll
Event: 0.148 Loaded shared library C:\Users\leoci\.vscode\extensions\redhat.java-1.40.0-win32-x64\jre\21.0.6-win32-x86_64\bin\zip.dll
Event: 0.171 Loaded shared library C:\Users\leoci\.vscode\extensions\redhat.java-1.40.0-win32-x64\jre\21.0.6-win32-x86_64\bin\jimage.dll
Event: 0.273 Loaded shared library c:\Users\leoci\.vscode\extensions\redhat.java-1.40.0-win32-x64\jre\21.0.6-win32-x86_64\bin\verify.dll
Event: 11.844 Loaded shared library C:\Users\leoci\AppData\Roaming\Code\User\globalStorage\redhat.java\1.40.0\config_win\org.eclipse.equinox.launcher\org.eclipse.equinox.launcher.win32.win32.x86_64_1.2.1200.v20250212-0927\eclipse_11909.dll
Event: 30.727 Loaded shared library C:\Users\leoci\AppData\Local\Temp\jna-102859004\jna6296870710811266687.dll

Deoptimization events (20 events):
Event: 64.106 Thread 0x0000023d88e930d0 DEOPT PACKING pc=0x0000023db3ae2fbc sp=0x0000009e21cfefb0
Event: 64.106 Thread 0x0000023d88e930d0 DEOPT UNPACKING pc=0x0000023db2ed6da2 sp=0x0000009e21cff000 mode 2
Event: 64.215 Thread 0x0000023d88e930d0 Uncommon trap: trap_request=0xffffff45 fr.pc=0x0000023db3e01dc4 relative=0x00000000000001e4
Event: 64.215 Thread 0x0000023d88e930d0 Uncommon trap: reason=unstable_if action=reinterpret pc=0x0000023db3e01dc4 method=java.util.zip.GZIPInputStream.read([BII)I @ 25 c2
Event: 64.215 Thread 0x0000023d88e930d0 DEOPT PACKING pc=0x0000023db3e01dc4 sp=0x0000009e21cff140
Event: 64.215 Thread 0x0000023d88e930d0 DEOPT UNPACKING pc=0x0000023db2ed6da2 sp=0x0000009e21cff088 mode 2
Event: 64.220 Thread 0x0000023d86779380 Uncommon trap: trap_request=0xffffff6e fr.pc=0x0000023db3e03bd4 relative=0x0000000000000194
Event: 64.220 Thread 0x0000023d86779380 Uncommon trap: reason=loop_limit_check action=maybe_recompile pc=0x0000023db3e03bd4 method=org.eclipse.jdt.internal.core.util.HashtableOfArrayToObject.hashCode([Ljava/lang/Object;I)I @ 27 c2
Event: 64.220 Thread 0x0000023d86779380 DEOPT PACKING pc=0x0000023db3e03bd4 sp=0x0000009e1edfddc0
Event: 64.220 Thread 0x0000023d86779380 DEOPT UNPACKING pc=0x0000023db2ed6da2 sp=0x0000009e1edfdd48 mode 2
Event: 64.243 Thread 0x0000023d88e930d0 DEOPT PACKING pc=0x0000023dac5ac0c8 sp=0x0000009e21cfe990
Event: 64.243 Thread 0x0000023d88e930d0 DEOPT UNPACKING pc=0x0000023db2ed78e2 sp=0x0000009e21cfdea0 mode 3
Event: 64.243 Thread 0x0000023d88e930d0 DEOPT PACKING pc=0x0000023dac5ac004 sp=0x0000009e21cfeae0
Event: 64.243 Thread 0x0000023d88e930d0 DEOPT UNPACKING pc=0x0000023db2ed78e2 sp=0x0000009e21cfdfe8 mode 0
Event: 64.243 Thread 0x0000023d88e930d0 DEOPT PACKING pc=0x0000023dac5ac004 sp=0x0000009e21cfec30
Event: 64.243 Thread 0x0000023d88e930d0 DEOPT UNPACKING pc=0x0000023db2ed78e2 sp=0x0000009e21cfe130 mode 0
Event: 64.244 Thread 0x0000023d88e930d0 Uncommon trap: trap_request=0xffffff45 fr.pc=0x0000023db39a8f48 relative=0x0000000000000d88
Event: 64.244 Thread 0x0000023d88e930d0 Uncommon trap: reason=unstable_if action=reinterpret pc=0x0000023db39a8f48 method=java.util.concurrent.ConcurrentHashMap.putVal(Ljava/lang/Object;Ljava/lang/Object;Z)Ljava/lang/Object; @ 245 c2
Event: 64.244 Thread 0x0000023d88e930d0 DEOPT PACKING pc=0x0000023db39a8f48 sp=0x0000009e21cfee80
Event: 64.244 Thread 0x0000023d88e930d0 DEOPT UNPACKING pc=0x0000023db2ed6da2 sp=0x0000009e21cfedf8 mode 2

Classes loaded (20 events):
Event: 64.075 Loading class com/sun/crypto/provider/ElectronicCodeBook
Event: 64.076 Loading class com/sun/crypto/provider/FeedbackCipher
Event: 64.076 Loading class com/sun/crypto/provider/FeedbackCipher done
Event: 64.076 Loading class com/sun/crypto/provider/ElectronicCodeBook done
Event: 64.077 Loading class com/sun/crypto/provider/PKCS5Padding
Event: 64.081 Loading class com/sun/crypto/provider/Padding
Event: 64.081 Loading class com/sun/crypto/provider/Padding done
Event: 64.081 Loading class com/sun/crypto/provider/PKCS5Padding done
Event: 64.081 Loading class com/sun/crypto/provider/CipherBlockChaining
Event: 64.081 Loading class com/sun/crypto/provider/CipherBlockChaining done
Event: 64.082 Loading class javax/crypto/NullCipher
Event: 64.082 Loading class javax/crypto/NullCipher done
Event: 64.082 Loading class sun/security/util/ArrayUtil
Event: 64.083 Loading class sun/security/util/ArrayUtil done
Event: 64.105 Loading class java/util/zip/CheckedInputStream
Event: 64.106 Loading class java/util/zip/CheckedInputStream done
Event: 64.112 Loading class java/lang/UnsupportedClassVersionError
Event: 64.113 Loading class java/lang/UnsupportedClassVersionError done
Event: 64.215 Loading class java/util/zip/GZIPInputStream$1
Event: 64.215 Loading class java/util/zip/GZIPInputStream$1 done

Classes unloaded (10 events):
Event: 31.303 Thread 0x0000023da86eead0 Unloading class 0x0000023dbf19d400 'java/lang/invoke/LambdaForm$MH+0x0000023dbf19d400'
Event: 31.303 Thread 0x0000023da86eead0 Unloading class 0x0000023dbf19d000 'java/lang/invoke/LambdaForm$MH+0x0000023dbf19d000'
Event: 31.303 Thread 0x0000023da86eead0 Unloading class 0x0000023dbf19cc00 'java/lang/invoke/LambdaForm$MH+0x0000023dbf19cc00'
Event: 31.303 Thread 0x0000023da86eead0 Unloading class 0x0000023dbf19c800 'java/lang/invoke/LambdaForm$MH+0x0000023dbf19c800'
Event: 31.303 Thread 0x0000023da86eead0 Unloading class 0x0000023dbf19c400 'java/lang/invoke/LambdaForm$BMH+0x0000023dbf19c400'
Event: 31.303 Thread 0x0000023da86eead0 Unloading class 0x0000023dbf19c000 'java/lang/invoke/LambdaForm$DMH+0x0000023dbf19c000'
Event: 31.303 Thread 0x0000023da86eead0 Unloading class 0x0000023dbf19ac00 'java/lang/invoke/LambdaForm$DMH+0x0000023dbf19ac00'
Event: 38.553 Thread 0x0000023da86eead0 Unloading class 0x0000023dbf688400 'java/lang/invoke/LambdaForm$DMH+0x0000023dbf688400'
Event: 38.553 Thread 0x0000023da86eead0 Unloading class 0x0000023dbf688c00 'java/lang/invoke/LambdaForm$DMH+0x0000023dbf688c00'
Event: 38.553 Thread 0x0000023da86eead0 Unloading class 0x0000023dbf689000 'java/lang/invoke/LambdaForm$DMH+0x0000023dbf689000'

Classes redefined (0 events):
No events

Internal exceptions (20 events):
Event: 63.694 Thread 0x0000023d871c7050 Exception <a 'sun/nio/fs/WindowsException'{0x00000000eb12d118}> (0x00000000eb12d118) 
thrown [s\src\hotspot\share\prims\jni.cpp, line 520]
Event: 63.698 Thread 0x0000023d871c7050 Exception <a 'java/lang/IncompatibleClassChangeError'{0x00000000eb16dbd0}: Found class java.lang.Object, but interface was expected> (0x00000000eb16dbd0) 
thrown [s\src\hotspot\share\interpreter\linkResolver.cpp, line 840]
Event: 63.712 Thread 0x0000023d871c7050 Exception <a 'java/lang/IncompatibleClassChangeError'{0x00000000eb1cb3c0}: Found class java.lang.Object, but interface was expected> (0x00000000eb1cb3c0) 
thrown [s\src\hotspot\share\interpreter\linkResolver.cpp, line 840]
Event: 63.719 Thread 0x0000023d871c7050 Exception <a 'java/lang/IncompatibleClassChangeError'{0x00000000eb2485f0}: Found class java.lang.Object, but interface was expected> (0x00000000eb2485f0) 
thrown [s\src\hotspot\share\interpreter\linkResolver.cpp, line 840]
Event: 63.872 Thread 0x0000023d84decd80 Exception <a 'sun/nio/fs/WindowsException'{0x00000000eae7b918}> (0x00000000eae7b918) 
thrown [s\src\hotspot\share\prims\jni.cpp, line 520]
Event: 63.873 Thread 0x0000023d84decd80 Exception <a 'sun/nio/fs/WindowsException'{0x00000000eae7bf48}> (0x00000000eae7bf48) 
thrown [s\src\hotspot\share\prims\jni.cpp, line 520]
Event: 63.874 Thread 0x0000023d84decd80 Exception <a 'sun/nio/fs/WindowsException'{0x00000000eae7cbf0}> (0x00000000eae7cbf0) 
thrown [s\src\hotspot\share\prims\jni.cpp, line 520]
Event: 63.874 Thread 0x0000023d84decd80 Exception <a 'sun/nio/fs/WindowsException'{0x00000000eae7d220}> (0x00000000eae7d220) 
thrown [s\src\hotspot\share\prims\jni.cpp, line 520]
Event: 63.881 Thread 0x0000023d84decd80 Exception <a 'java/io/FileNotFoundException'{0x00000000eae94130}> (0x00000000eae94130) 
thrown [s\src\hotspot\share\prims\jni.cpp, line 520]
Event: 63.882 Thread 0x0000023d84decd80 Exception <a 'java/io/FileNotFoundException'{0x00000000eae95178}> (0x00000000eae95178) 
thrown [s\src\hotspot\share\prims\jni.cpp, line 520]
Event: 63.905 Thread 0x0000023d84decd80 Exception <a 'sun/nio/fs/WindowsException'{0x00000000eaf32f10}> (0x00000000eaf32f10) 
thrown [s\src\hotspot\share\prims\jni.cpp, line 520]
Event: 63.905 Thread 0x0000023d84decd80 Exception <a 'sun/nio/fs/WindowsException'{0x00000000eaf33540}> (0x00000000eaf33540) 
thrown [s\src\hotspot\share\prims\jni.cpp, line 520]
Event: 63.906 Thread 0x0000023d871c7050 Exception <a 'java/lang/IncompatibleClassChangeError'{0x00000000eaf19e50}: Found class java.lang.Object, but interface was expected> (0x00000000eaf19e50) 
thrown [s\src\hotspot\share\interpreter\linkResolver.cpp, line 840]
Event: 63.930 Thread 0x0000023d84decd80 Exception <a 'sun/nio/fs/WindowsException'{0x00000000eb088f88}> (0x00000000eb088f88) 
thrown [s\src\hotspot\share\prims\jni.cpp, line 520]
Event: 63.930 Thread 0x0000023d84decd80 Exception <a 'sun/nio/fs/WindowsException'{0x00000000eb089868}> (0x00000000eb089868) 
thrown [s\src\hotspot\share\prims\jni.cpp, line 520]
Event: 63.980 Thread 0x0000023d88e930d0 Exception <a 'sun/nio/fs/WindowsException'{0x00000000eb359740}> (0x00000000eb359740) 
thrown [s\src\hotspot\share\prims\jni.cpp, line 520]
Event: 64.085 Thread 0x0000023d871c5610 Exception <a 'java/lang/NoSuchMethodError'{0x00000000eac90138}: 'java.lang.Object java.lang.invoke.DirectMethodHandle$Holder.invokeSpecial(java.lang.Object, java.lang.Object, int, long)'> (0x00000000eac90138) 
thrown [s\src\hotspot\share\interpreter\linkResolver.cpp, line 773]
Event: 64.100 Thread 0x0000023d84def4e0 Exception <a 'java/lang/ArrayIndexOutOfBoundsException'{0x00000000eaeb2028}> (0x00000000eaeb2028) 
thrown [s\src\hotspot\share\runtime\sharedRuntime.cpp, line 625]
Event: 64.145 Thread 0x0000023d86779380 Exception <a 'java/lang/NoSuchMethodError'{0x00000000ead03b08}: 'int java.lang.invoke.Invokers$Holder.invokeExact_MT(java.lang.Object, java.lang.Object)'> (0x00000000ead03b08) 
thrown [s\src\hotspot\share\interpreter\linkResolver.cpp, line 773]
Event: 64.212 Thread 0x0000023d86779380 Exception <a 'java/lang/IncompatibleClassChangeError'{0x00000000eb29bcb8}: Found class java.lang.Object, but interface was expected> (0x00000000eb29bcb8) 
thrown [s\src\hotspot\share\interpreter\linkResolver.cpp, line 840]

ZGC Phase Switch (0 events):
No events

VM Operations (20 events):
Event: 63.984 Executing VM operation: HandshakeAllThreads (Deoptimize)
Event: 63.984 Executing VM operation: HandshakeAllThreads (Deoptimize) done
Event: 64.077 Executing VM operation: ParallelGCFailedAllocation (Allocation Failure)
Event: 64.081 Executing VM operation: ParallelGCFailedAllocation (Allocation Failure) done
Event: 64.121 Executing VM operation: HandshakeAllThreads (Deoptimize)
Event: 64.121 Executing VM operation: HandshakeAllThreads (Deoptimize) done
Event: 64.122 Executing VM operation: ParallelGCFailedAllocation (Allocation Failure)
Event: 64.144 Executing VM operation: ParallelGCFailedAllocation (Allocation Failure) done
Event: 64.189 Executing VM operation: HandshakeAllThreads (Deoptimize)
Event: 64.198 Executing VM operation: HandshakeAllThreads (Deoptimize) done
Event: 64.242 Executing VM operation: HandshakeAllThreads (Deoptimize)
Event: 64.243 Executing VM operation: HandshakeAllThreads (Deoptimize) done
Event: 64.249 Executing VM operation: ParallelGCFailedAllocation (Allocation Failure)
Event: 64.252 Executing VM operation: ParallelGCFailedAllocation (Allocation Failure) done
Event: 64.266 Executing VM operation: HandshakeAllThreads (Deoptimize)
Event: 64.266 Executing VM operation: HandshakeAllThreads (Deoptimize) done
Event: 64.272 Executing VM operation: HandshakeAllThreads (Deoptimize)
Event: 64.272 Executing VM operation: HandshakeAllThreads (Deoptimize) done
Event: 64.287 Executing VM operation: ParallelGCFailedAllocation (Allocation Failure)
Event: 64.294 Executing VM operation: ParallelGCFailedAllocation (Allocation Failure) done

Memory protections (0 events):
No events

Nmethod flushes (20 events):
Event: 38.574 Thread 0x0000023da86eead0 flushing  nmethod 0x0000023dac28e090
Event: 38.574 Thread 0x0000023da86eead0 flushing  nmethod 0x0000023dac290010
Event: 38.574 Thread 0x0000023da86eead0 flushing  nmethod 0x0000023dac293490
Event: 38.574 Thread 0x0000023da86eead0 flushing  nmethod 0x0000023dac297610
Event: 38.574 Thread 0x0000023da86eead0 flushing  nmethod 0x0000023dac2a1010
Event: 38.574 Thread 0x0000023da86eead0 flushing  nmethod 0x0000023dac2a3a10
Event: 38.574 Thread 0x0000023da86eead0 flushing  nmethod 0x0000023dac2a4d90
Event: 38.574 Thread 0x0000023da86eead0 flushing  nmethod 0x0000023dac2a5a90
Event: 38.574 Thread 0x0000023da86eead0 flushing  nmethod 0x0000023dac2a7110
Event: 38.574 Thread 0x0000023da86eead0 flushing  nmethod 0x0000023dac2b0090
Event: 38.574 Thread 0x0000023da86eead0 flushing  nmethod 0x0000023dac2b1110
Event: 38.574 Thread 0x0000023da86eead0 flushing  nmethod 0x0000023dac2b1d90
Event: 38.574 Thread 0x0000023da86eead0 flushing  nmethod 0x0000023dac2dde90
Event: 38.574 Thread 0x0000023da86eead0 flushing  nmethod 0x0000023dac309a10
Event: 38.574 Thread 0x0000023da86eead0 flushing  nmethod 0x0000023dac30c810
Event: 38.574 Thread 0x0000023da86eead0 flushing  nmethod 0x0000023dac30e310
Event: 38.574 Thread 0x0000023da86eead0 flushing  nmethod 0x0000023dac310610
Event: 38.574 Thread 0x0000023da86eead0 flushing  nmethod 0x0000023dac31f390
Event: 38.574 Thread 0x0000023da86eead0 flushing  nmethod 0x0000023dac335410
Event: 38.574 Thread 0x0000023da86eead0 flushing  nmethod 0x0000023dac338610

Events (20 events):
Event: 62.586 Thread 0x0000023d871c69c0 Thread added: 0x0000023d8677adc0
Event: 62.845 Thread 0x0000023d86776c20 Thread exited: 0x0000023d86776c20
Event: 62.845 Thread 0x0000023d86775f00 Thread exited: 0x0000023d86775f00
Event: 62.845 Thread 0x0000023d867772b0 Thread exited: 0x0000023d867772b0
Event: 62.845 Thread 0x0000023d86779380 Thread exited: 0x0000023d86779380
Event: 62.845 Thread 0x0000023d8677adc0 Thread exited: 0x0000023d8677adc0
Event: 63.421 Thread 0x0000023d871c7050 Thread added: 0x0000023d86779380
Event: 63.423 Thread 0x0000023d871c7050 Thread added: 0x0000023d867772b0
Event: 63.424 Thread 0x0000023d867772b0 Thread added: 0x0000023d86775f00
Event: 63.508 Thread 0x0000023dbd27e070 Thread added: 0x0000023d86130a80
Event: 63.697 Thread 0x0000023d871c7050 Thread added: 0x0000023d86776c20
Event: 63.865 Thread 0x0000023d86130a80 Thread exited: 0x0000023d86130a80
Event: 63.897 Thread 0x0000023d86776c20 Thread added: 0x0000023d8677adc0
Event: 63.904 Thread 0x0000023d871c7050 Thread added: 0x0000023d8677b450
Event: 63.920 Thread 0x0000023d871c7050 Thread added: 0x0000023d84def4e0
Event: 63.925 Thread 0x0000023d84decd80 Thread added: 0x0000023d88e951a0
Event: 63.926 Thread 0x0000023d86776c20 Thread added: 0x0000023d88e930d0
Event: 64.065 Thread 0x0000023d853ff0c0 Thread exited: 0x0000023d853ff0c0
Event: 64.107 Thread 0x0000023dbd296ff0 Thread added: 0x0000023d853ff0c0
Event: 64.150 Thread 0x0000023dbd296ff0 Thread added: 0x0000023d86130a80


Dynamic libraries:
0x00007ff661900000 - 0x00007ff66190e000 	c:\Users\leoci\.vscode\extensions\redhat.java-1.40.0-win32-x64\jre\21.0.6-win32-x86_64\bin\java.exe
0x00007ff8321e0000 - 0x00007ff832443000 	C:\WINDOWS\SYSTEM32\ntdll.dll
0x00007ff8318d0000 - 0x00007ff831997000 	C:\WINDOWS\System32\KERNEL32.DLL
0x00007ff82fa20000 - 0x00007ff82fde9000 	C:\WINDOWS\System32\KERNELBASE.dll
0x00007ff82f3e0000 - 0x00007ff82f52c000 	C:\WINDOWS\System32\ucrtbase.dll
0x00007fffe7630000 - 0x00007fffe7648000 	c:\Users\leoci\.vscode\extensions\redhat.java-1.40.0-win32-x64\jre\21.0.6-win32-x86_64\bin\jli.dll
0x00007ff831d80000 - 0x00007ff831f4a000 	C:\WINDOWS\System32\USER32.dll
0x00007ff82f940000 - 0x00007ff82f967000 	C:\WINDOWS\System32\win32u.dll
0x00007ff830050000 - 0x00007ff83007a000 	C:\WINDOWS\System32\GDI32.dll
0x00007ff82f5f0000 - 0x00007ff82f721000 	C:\WINDOWS\System32\gdi32full.dll
0x00007ff82f970000 - 0x00007ff82fa13000 	C:\WINDOWS\System32\msvcp_win.dll
0x00007ff815b90000 - 0x00007ff815e20000 	C:\WINDOWS\WinSxS\amd64_microsoft.windows.common-controls_6595b64144ccf1df_6.0.26100.3323_none_3e088096e3344490\COMCTL32.dll
0x00007fffe8f30000 - 0x00007fffe8f4e000 	c:\Users\leoci\.vscode\extensions\redhat.java-1.40.0-win32-x64\jre\21.0.6-win32-x86_64\bin\VCRUNTIME140.dll
0x00007ff8311a0000 - 0x00007ff831249000 	C:\WINDOWS\System32\msvcrt.dll
0x00007ff830be0000 - 0x00007ff830c0f000 	C:\WINDOWS\System32\IMM32.DLL
0x00007ff81b7f0000 - 0x00007ff81b7fc000 	c:\Users\leoci\.vscode\extensions\redhat.java-1.40.0-win32-x64\jre\21.0.6-win32-x86_64\bin\vcruntime140_1.dll
0x00007fffdeaf0000 - 0x00007fffdeb7d000 	c:\Users\leoci\.vscode\extensions\redhat.java-1.40.0-win32-x64\jre\21.0.6-win32-x86_64\bin\msvcp140.dll
0x00007fff68b60000 - 0x00007fff698f0000 	c:\Users\leoci\.vscode\extensions\redhat.java-1.40.0-win32-x64\jre\21.0.6-win32-x86_64\bin\server\jvm.dll
0x00007ff830fe0000 - 0x00007ff831092000 	C:\WINDOWS\System32\ADVAPI32.dll
0x00007ff830150000 - 0x00007ff8301f6000 	C:\WINDOWS\System32\sechost.dll
0x00007ff831c60000 - 0x00007ff831d76000 	C:\WINDOWS\System32\RPCRT4.dll
0x00007ff8319a0000 - 0x00007ff831a14000 	C:\WINDOWS\System32\WS2_32.dll
0x00007ff82f270000 - 0x00007ff82f2be000 	C:\WINDOWS\SYSTEM32\POWRPROF.dll
0x00007ff825050000 - 0x00007ff825086000 	C:\WINDOWS\SYSTEM32\WINMM.dll
0x00007ff81e170000 - 0x00007ff81e17b000 	C:\WINDOWS\SYSTEM32\VERSION.dll
0x00007ff82f250000 - 0x00007ff82f264000 	C:\WINDOWS\SYSTEM32\UMPDC.dll
0x00007ff82e200000 - 0x00007ff82e21a000 	C:\WINDOWS\SYSTEM32\kernel.appcore.dll
0x00007fffefd60000 - 0x00007fffefd6a000 	c:\Users\leoci\.vscode\extensions\redhat.java-1.40.0-win32-x64\jre\21.0.6-win32-x86_64\bin\jimage.dll
0x00007ff82c9a0000 - 0x00007ff82cbe1000 	C:\WINDOWS\SYSTEM32\DBGHELP.DLL
0x00007ff830c40000 - 0x00007ff830fc2000 	C:\WINDOWS\System32\combase.dll
0x00007ff831f60000 - 0x00007ff832036000 	C:\WINDOWS\System32\OLEAUT32.dll
0x00007ff80e3e0000 - 0x00007ff80e419000 	C:\WINDOWS\SYSTEM32\dbgcore.DLL
0x00007ff82f8a0000 - 0x00007ff82f939000 	C:\WINDOWS\System32\bcryptPrimitives.dll
0x00007fffefa40000 - 0x00007fffefa4f000 	c:\Users\leoci\.vscode\extensions\redhat.java-1.40.0-win32-x64\jre\21.0.6-win32-x86_64\bin\instrument.dll
0x00007fffe6ee0000 - 0x00007fffe6eff000 	c:\Users\leoci\.vscode\extensions\redhat.java-1.40.0-win32-x64\jre\21.0.6-win32-x86_64\bin\java.dll
0x00007ff830200000 - 0x00007ff830915000 	C:\WINDOWS\System32\SHELL32.dll
0x00007ff82f730000 - 0x00007ff82f898000 	C:\WINDOWS\System32\wintypes.dll
0x00007ff82d0a0000 - 0x00007ff82d8e5000 	C:\WINDOWS\SYSTEM32\windows.storage.dll
0x00007ff831250000 - 0x00007ff83133b000 	C:\WINDOWS\System32\SHCORE.dll
0x00007ff830930000 - 0x00007ff83098d000 	C:\WINDOWS\System32\shlwapi.dll
0x00007ff82f2f0000 - 0x00007ff82f31f000 	C:\WINDOWS\SYSTEM32\profapi.dll
0x00007fffe5ce0000 - 0x00007fffe5cf8000 	c:\Users\leoci\.vscode\extensions\redhat.java-1.40.0-win32-x64\jre\21.0.6-win32-x86_64\bin\zip.dll
0x00007fffee9a0000 - 0x00007fffee9b0000 	C:\Users\leoci\.vscode\extensions\redhat.java-1.40.0-win32-x64\jre\21.0.6-win32-x86_64\bin\net.dll
0x00007ff827170000 - 0x00007ff82728e000 	C:\WINDOWS\SYSTEM32\WINHTTP.dll
0x00007ff82e720000 - 0x00007ff82e78a000 	C:\WINDOWS\system32\mswsock.dll
0x00007fffe4a20000 - 0x00007fffe4a36000 	C:\Users\leoci\.vscode\extensions\redhat.java-1.40.0-win32-x64\jre\21.0.6-win32-x86_64\bin\nio.dll
0x00007fffec180000 - 0x00007fffec190000 	c:\Users\leoci\.vscode\extensions\redhat.java-1.40.0-win32-x64\jre\21.0.6-win32-x86_64\bin\verify.dll
0x00007fffe0470000 - 0x00007fffe04b5000 	C:\Users\leoci\AppData\Roaming\Code\User\globalStorage\redhat.java\1.40.0\config_win\org.eclipse.equinox.launcher\org.eclipse.equinox.launcher.win32.win32.x86_64_1.2.1200.v20250212-0927\eclipse_11909.dll
0x00007ff830990000 - 0x00007ff830b25000 	C:\WINDOWS\System32\ole32.dll
0x00007ff82e9c0000 - 0x00007ff82e9dc000 	C:\WINDOWS\SYSTEM32\CRYPTSP.dll
0x00007ff82e160000 - 0x00007ff82e19a000 	C:\WINDOWS\system32\rsaenh.dll
0x00007ff82e7c0000 - 0x00007ff82e7eb000 	C:\WINDOWS\SYSTEM32\USERENV.dll
0x00007ff82ec00000 - 0x00007ff82ec26000 	C:\WINDOWS\SYSTEM32\bcrypt.dll
0x00007ff82e9e0000 - 0x00007ff82e9ec000 	C:\WINDOWS\SYSTEM32\CRYPTBASE.dll
0x00007ff82dcb0000 - 0x00007ff82dce3000 	C:\WINDOWS\SYSTEM32\IPHLPAPI.DLL
0x00007ff830920000 - 0x00007ff83092a000 	C:\WINDOWS\System32\NSI.dll
0x00007ffffe540000 - 0x00007ffffe589000 	C:\Users\leoci\AppData\Local\Temp\jna-102859004\jna6296870710811266687.dll
0x00007ff830110000 - 0x00007ff830118000 	C:\WINDOWS\System32\PSAPI.DLL
0x00007ff828780000 - 0x00007ff82879f000 	C:\WINDOWS\SYSTEM32\dhcpcsvc6.DLL
0x00007ff828710000 - 0x00007ff828735000 	C:\WINDOWS\SYSTEM32\dhcpcsvc.DLL
0x00007ff82e320000 - 0x00007ff82e355000 	C:\WINDOWS\SYSTEM32\ntmarta.dll

dbghelp: loaded successfully - version: 4.0.5 - missing functions: none
symbol engine: initialized successfully - sym options: 0x614 - pdb path: .;c:\Users\leoci\.vscode\extensions\redhat.java-1.40.0-win32-x64\jre\21.0.6-win32-x86_64\bin;C:\WINDOWS\SYSTEM32;C:\WINDOWS\WinSxS\amd64_microsoft.windows.common-controls_6595b64144ccf1df_6.0.26100.3323_none_3e088096e3344490;c:\Users\leoci\.vscode\extensions\redhat.java-1.40.0-win32-x64\jre\21.0.6-win32-x86_64\bin\server;C:\Users\leoci\AppData\Roaming\Code\User\globalStorage\redhat.java\1.40.0\config_win\org.eclipse.equinox.launcher\org.eclipse.equinox.launcher.win32.win32.x86_64_1.2.1200.v20250212-0927;C:\Users\leoci\AppData\Local\Temp\jna-102859004

VM Arguments:
jvm_args: --add-modules=ALL-SYSTEM --add-opens=java.base/java.util=ALL-UNNAMED --add-opens=java.base/java.lang=ALL-UNNAMED --add-opens=java.base/sun.nio.fs=ALL-UNNAMED -Declipse.application=org.eclipse.jdt.ls.core.id1 -Dosgi.bundles.defaultStartLevel=4 -Declipse.product=org.eclipse.jdt.ls.core.product -Djava.import.generatesMetadataFilesAtProjectRoot=false -DDetectVMInstallationsJob.disabled=true -Dfile.encoding=utf8 -XX:+UseParallelGC -XX:GCTimeRatio=4 -XX:AdaptiveSizePolicyWeight=90 -Dsun.zip.disableMemoryMapping=true -Xmx1G -Xms100m -Xlog:disable -javaagent:c:\Users\leoci\.vscode\extensions\redhat.java-1.40.0-win32-x64\lombok\lombok-1.18.36.jar -XX:+HeapDumpOnOutOfMemoryError -XX:HeapDumpPath=c:\Users\leoci\AppData\Roaming\Code\User\workspaceStorage\561d2999ae37bf7bb77d5a53cf976d97\redhat.java -Daether.dependencyCollector.impl=bf 
java_command: c:\Users\leoci\.vscode\extensions\redhat.java-1.40.0-win32-x64\server\plugins\org.eclipse.equinox.launcher_1.6.1000.v20250131-0606.jar -configuration c:\Users\leoci\AppData\Roaming\Code\User\globalStorage\redhat.java\1.40.0\config_win -data c:\Users\leoci\AppData\Roaming\Code\User\workspaceStorage\561d2999ae37bf7bb77d5a53cf976d97\redhat.java\jdt_ws --pipe=\\.\pipe\lsp-55e485275cdade7f4a853f0a5f6e8ddd-sock
java_class_path (initial): c:\Users\leoci\.vscode\extensions\redhat.java-1.40.0-win32-x64\server\plugins\org.eclipse.equinox.launcher_1.6.1000.v20250131-0606.jar
Launcher Type: SUN_STANDARD

[Global flags]
    uintx AdaptiveSizePolicyWeight                 = 90                                        {product} {command line}
     intx CICompilerCount                          = 4                                         {product} {ergonomic}
    uintx GCTimeRatio                              = 4                                         {product} {command line}
     bool HeapDumpOnOutOfMemoryError               = true                                   {manageable} {command line}
    ccstr HeapDumpPath                             = c:\Users\leoci\AppData\Roaming\Code\User\workspaceStorage\561d2999ae37bf7bb77d5a53cf976d97\redhat.java         {manageable} {command line}
   size_t InitialHeapSize                          = 104857600                                 {product} {command line}
   size_t MaxHeapSize                              = 1073741824                                {product} {command line}
   size_t MaxNewSize                               = 357564416                                 {product} {ergonomic}
   size_t MinHeapDeltaBytes                        = 524288                                    {product} {ergonomic}
   size_t MinHeapSize                              = 104857600                                 {product} {command line}
   size_t NewSize                                  = 34603008                                  {product} {ergonomic}
    uintx NonNMethodCodeHeapSize                   = 5839372                                {pd product} {ergonomic}
    uintx NonProfiledCodeHeapSize                  = 122909434                              {pd product} {ergonomic}
   size_t OldSize                                  = 70254592                                  {product} {ergonomic}
    uintx ProfiledCodeHeapSize                     = 122909434                              {pd product} {ergonomic}
    uintx ReservedCodeCacheSize                    = 251658240                              {pd product} {ergonomic}
     bool SegmentedCodeCache                       = true                                      {product} {ergonomic}
   size_t SoftMaxHeapSize                          = 1073741824                             {manageable} {ergonomic}
     bool UseCompressedOops                        = true                           {product lp64_product} {ergonomic}
     bool UseLargePagesIndividualAllocation        = false                                  {pd product} {ergonomic}
     bool UseParallelGC                            = true                                      {product} {command line}

Logging:
Log output configuration:
 #0: stdout all=off uptime,level,tags foldmultilines=false
 #1: stderr all=off uptime,level,tags foldmultilines=false

Environment Variables:
JAVA_HOME=C:\Program Files\Java\jdk-21
PATH=C:\Program Files\Common Files\Oracle\Java\javapath;C:\Ruby33-x64\bin;C:\WINDOWS\system32;C:\WINDOWS;C:\WINDOWS\System32\Wbem;C:\WINDOWS\System32\WindowsPowerShell\v1.0\;C:\WINDOWS\System32\OpenSSH\;C:\ProgramData\chocolatey\bin;C:\Program Files\PuTTY\;C:\Arquivos de Programas\OpenSSL-Win64\bin;C:\Program Files\nodejs\;C:\Program Files\Microsoft SQL Server\Client SDK\ODBC\170\Tools\Binn\;C:\Program Files\dotnet\;C:\Program Files\Java\jdk-21\bin;C:\Program Files\Git\cmd;C:\Program Files (x86)\Microsoft SQL Server\160\Tools\Binn\;C:\Program Files\Microsoft SQL Server\160\Tools\Binn\;C:\Program Files\Microsoft SQL Server\160\DTS\Binn\;C:\Program Files (x86)\Microsoft SQL Server\160\DTS\Binn\;;C:\Program Files\Docker\Docker\resources\bin;C:\Program Files\Java\jdk-21\bin;C:\Users\leoci\AppData\Local\Microsoft\WindowsApps;C:\Program Files\MySQL\MySQL Server 8.0\bin;C:\Users\leoci\AppData\Roaming\npm;C:\Users\leoci\.dotnet\tools;C:\Users\leoci\AppData\Local\Programs\Microsoft VS Code\bin;C:\opencv\build\java\x64;C:\Users\leoci\AppData\Local\flutter\bin;
USERNAME=leoci
OS=Windows_NT
PROCESSOR_IDENTIFIER=Intel64 Family 6 Model 140 Stepping 1, GenuineIntel
TMP=C:\Users\leoci\AppData\Local\Temp
TEMP=C:\Users\leoci\AppData\Local\Temp




Periodic native trim disabled

---------------  S Y S T E M  ---------------

OS:
 Windows 11 , 64 bit Build 26100 (10.0.26100.3323)
OS uptime: 0 days 1:12 hours
Hyper-V role detected

CPU: total 8 (initial active 8) (4 cores per cpu, 2 threads per core) family 6 model 140 stepping 1 microcode 0x9a, cx8, cmov, fxsr, ht, mmx, 3dnowpref, sse, sse2, sse3, ssse3, sse4.1, sse4.2, popcnt, lzcnt, tsc, tscinvbit, avx, avx2, aes, erms, clmul, bmi1, bmi2, adx, avx512f, avx512dq, avx512cd, avx512bw, avx512vl, sha, fma, vzeroupper, avx512_vpopcntdq, avx512_vpclmulqdq, avx512_vaes, avx512_vnni, clflush, clflushopt, clwb, avx512_vbmi2, avx512_vbmi, hv, rdtscp, rdpid, fsrm, gfni, avx512_bitalg, f16c, cet_ibt, cet_ss, avx512_ifma
Processor Information for processor 0
  Max Mhz: 2419, Current Mhz: 2419, Mhz Limit: 2419
Processor Information for processor 1
  Max Mhz: 2419, Current Mhz: 2419, Mhz Limit: 2419
Processor Information for processor 2
  Max Mhz: 2419, Current Mhz: 2419, Mhz Limit: 2419
Processor Information for processor 3
  Max Mhz: 2419, Current Mhz: 2419, Mhz Limit: 2419
Processor Information for processor 4
  Max Mhz: 2419, Current Mhz: 2419, Mhz Limit: 2419
Processor Information for processor 5
  Max Mhz: 2419, Current Mhz: 2419, Mhz Limit: 2419
Processor Information for processor 6
  Max Mhz: 2419, Current Mhz: 2419, Mhz Limit: 2419
Processor Information for processor 7
  Max Mhz: 2419, Current Mhz: 1209, Mhz Limit: 2419

Memory: 4k page, system-wide physical 7991M (1014M free)
TotalPageFile size 15685M (AvailPageFile size 70M)
current process WorkingSet (physical memory assigned to process): 866M, peak: 866M
current process commit charge ("private bytes"): 768M, peak: 976M

vm_info: OpenJDK 64-Bit Server VM (21.0.6+7-LTS) for windows-amd64 JRE (21.0.6+7-LTS), built on 2025-01-21T00:00:00Z by "admin" with MS VC++ 17.7 (VS2022)

END.
